Mon Apr 27 10:21:29 ALMT 2026 | INFO: Admin Main Admin added user: alice_st
Mon Apr 27 10:21:29 ALMT 2026 | INFO: Student Alice enrolled in course: OOP
Mon Apr 27 10:21:29 ALMT 2026 | INFO: Error: Student Alice exceeded the credit limit.
Mon Apr 27 10:21:29 ALMT 2026 | INFO: Mark assigned to student Alice for course: OOP
Mon Apr 27 12:21:34 ALMT 2026 | INFO: Admin Main Admin added user: alice_st
Mon Apr 27 12:21:34 ALMT 2026 | INFO: Student Alice enrolled in course: OOP
Mon Apr 27 12:21:34 ALMT 2026 | INFO: Error: Student Alice exceeded the credit limit.
Mon Apr 27 12:21:34 ALMT 2026 | INFO: Mark assigned to student Alice for course: OOP
Mon Apr 27 13:12:50 ALMT 2026 | INFO: Admin Main Admin added user: alice_
Mon Apr 27 13:12:50 ALMT 2026 | INFO: Student alice enrolled in course: OOP
Mon Apr 27 13:12:50 ALMT 2026 | INFO: Error: Student alice exceeded the credit limit.
Mon Apr 27 13:12:50 ALMT 2026 | INFO: Mark assigned to student alice for course: OOP
Sun May 17 08:08:23 ALMT 2026 | INFO: Admin Main Admin added user: admin
Sun May 17 08:08:23 ALMT 2026 | INFO: Admin Main Admin added user: alice
Sun May 17 08:08:23 ALMT 2026 | INFO: Admin Main Admin added user: bob
Sun May 17 08:08:23 ALMT 2026 | INFO: Admin Main Admin added user: smith
Sun May 17 08:08:23 ALMT 2026 | INFO: Admin Main Admin added user: dana
Sun May 17 08:08:23 ALMT 2026 | INFO: Admin Main Admin added user: john
Sun May 17 08:08:23 ALMT 2026 | INFO: Student Alice enrolled in course: OOP
Sun May 17 08:08:23 ALMT 2026 | INFO: Mark assigned to student Alice for course: OOP
Sun May 17 08:09:52 ALMT 2026 | INFO: Admin Main Admin added user: admin
Sun May 17 08:09:52 ALMT 2026 | INFO: Admin Main Admin added user: alice
Sun May 17 08:09:52 ALMT 2026 | INFO: Admin Main Admin added user: bob
Sun May 17 08:09:52 ALMT 2026 | INFO: Admin Main Admin added user: smith
Sun May 17 08:09:52 ALMT 2026 | INFO: Admin Main Admin added user: dana
Sun May 17 08:09:52 ALMT 2026 | INFO: Admin Main Admin added user: john
Sun May 17 08:09:52 ALMT 2026 | INFO: Student Alice enrolled in course: OOP
Sun May 17 08:09:52 ALMT 2026 | INFO: Mark assigned to student Alice for course: OOP
Sun May 17 08:09:52 ALMT 2026 | INFO: Admin Main Admin updated user: alice2
Sun May 17 08:09:52 ALMT 2026 | INFO: Admin Main Admin removed user: dana
